<?xml version="1.0" encoding="UTF-8"?>
<!-- Generated by org.testng.reporters.JUnitReportReporter -->
<testsuite hostname="DESKTOP-M3731IF" name="Test.TestRunner" tests="1" failures="0" timestamp="17 Jul 2020 17:27:57 GMT" time="114.673" errors="0">
  <testcase name="feature" time="114.673" classname="Test.TestRunner"/>
</testsuite> <!-- Test.TestRunner -->
