<?xml version="1.0" encoding="UTF-8"?>
<!-- Generated by org.testng.reporters.JUnitReportReporter -->
<testsuite hostname="DESKTOP-M3731IF" name="Test.TestRunner" tests="1" failures="0" timestamp="17 Jul 2020 18:05:31 GMT" time="83.813" errors="0">
  <testcase name="feature" time="83.813" classname="Test.TestRunner"/>
</testsuite> <!-- Test.TestRunner -->
